<?xml version="1.0" encoding="utf-8"?><model><node name="AmazonTest" testCount="(1 test)" status="[0:22.938] Success"><node name="AmazonTest" testCount="(1 test)" status="[0:22.938] Success"><node name="AmazonEbayTest" testCount="(1 test)" status="[0:22.938] Success"><node name="AmazonEbatTestMethod" status="[0:22.938] Success" /></node></node></node><node name="AstroAppiumTest" testCount="(1 test)" status="[0:00.025] Failed: 1 test failed"><node name="AstroAppiumTest" testCount="(1 test)" status="[0:00.025] Failed: 1 test failed"><node name="AstroAppiumTest" testCount="(1 test)" status="[0:00.025] Failed: 1 test failed"><node name="AppiumTest" status="[0:00.025] Failed" /></node></node></node><node name="PerformanceTest" testCount="(1 test)" status="[0:43.951] Success"><node name="PerformanceTest" testCount="(1 test)" status="[0:43.951] Success"><node name="AstroPerformance" testCount="(1 test)" status="[0:43.951] Success"><node name="AstroPerformanceTest" status="[0:43.951] Success" /></node></node></node></model>